# JRE version: Java(TM) SE Runtime Environment 18.9 (11.0.15.1+2) (build 11.0.15.1+2-LTS-10)
# Java VM: Java HotSpot(TM) 64-Bit Server VM 18.9 (11.0.15.1+2-LTS-10, mixed mode, tiered, compressed oops, g1 gc, windows-amd64)
Heap:
 garbage-first heap   total 129024K, used 82307K [0x00000000c0000000, 0x0000000100000000)
  region size 1024K, 33 young (33792K), 4 survivors (4096K)
 Metaspace       used 101728K, capacity 106904K, committed 107132K, reserved 1138688K
  class space    used 14839K, capacity 17490K, committed 17612K, reserved 1048576K
GC Heap History (10 events):
Event: 12.715 GC heap before
{Heap before GC invocations=12 (full 0):
 garbage-first heap   total 129024K, used 98436K [0x00000000c0000000, 0x0000000100000000)
  region size 1024K, 72 young (73728K), 6 survivors (6144K)
 Metaspace       used 76647K, capacity 79134K, committed 79280K, reserved 1116160K
  class space    used 10397K, capacity 11688K, committed 11776K, reserved 1048576K
}
Event: 12.721 GC heap after
{Heap after GC invocations=13 (full 0):
 garbage-first heap   total 129024K, used 33675K [0x00000000c0000000, 0x0000000100000000)
  region size 1024K, 6 young (6144K), 6 survivors (6144K)
 Metaspace       used 76647K, capacity 79134K, committed 79280K, reserved 1116160K
  class space    used 10397K, capacity 11688K, committed 11776K, reserved 1048576K
}
Event: 13.501 GC heap before
{Heap before GC invocations=13 (full 0):
 garbage-first heap   total 129024K, used 101259K [0x00000000c0000000, 0x0000000100000000)
  region size 1024K, 72 young (73728K), 6 survivors (6144K)
 Metaspace       used 84193K, capacity 87324K, committed 87472K, reserved 1124352K
  class space    used 11660K, capacity 13298K, committed 13312K, reserved 1048576K
}
Event: 13.507 GC heap after
{Heap after GC invocations=14 (full 0):
 garbage-first heap   total 129024K, used 35056K [0x00000000c0000000, 0x0000000100000000)
  region size 1024K, 6 young (6144K), 6 survivors (6144K)
 Metaspace       used 84193K, capacity 87324K, committed 87472K, reserved 1124352K
  class space    used 11660K, capacity 13298K, committed 13312K, reserved 1048576K
}
Event: 14.940 GC heap before
{Heap before GC invocations=14 (full 0):
 garbage-first heap   total 129024K, used 106736K [0x00000000c0000000, 0x0000000100000000)
  region size 1024K, 72 young (73728K), 6 survivors (6144K)
 Metaspace       used 94572K, capacity 98360K, committed 98608K, reserved 1132544K
  class space    used 13393K, capacity 15390K, committed 15488K, reserved 1048576K
}
Event: 14.947 GC heap after
{Heap after GC invocations=15 (full 0):
 garbage-first heap   total 129024K, used 37755K [0x00000000c0000000, 0x0000000100000000)
  region size 1024K, 7 young (7168K), 7 survivors (7168K)
 Metaspace       used 94572K, capacity 98360K, committed 98608K, reserved 1132544K
  class space    used 13393K, capacity 15390K, committed 15488K, reserved 1048576K
}
Event: 15.110 GC heap before
{Heap before GC invocations=15 (full 0):
 garbage-first heap   total 129024K, used 56187K [0x00000000c0000000, 0x0000000100000000)
  region size 1024K, 22 young (22528K), 7 survivors (7168K)
 Metaspace       used 96478K, capacity 100553K, committed 100560K, reserved 1134592K
  class space    used 13743K, capacity 15865K, committed 15872K, reserved 1048576K
}
Event: 15.116 GC heap after
{Heap after GC invocations=16 (full 0):
 garbage-first heap   total 129024K, used 38934K [0x00000000c0000000, 0x0000000100000000)
  region size 1024K, 6 young (6144K), 6 survivors (6144K)
 Metaspace       used 96478K, capacity 100553K, committed 100560K, reserved 1134592K
  class space    used 13743K, capacity 15865K, committed 15872K, reserved 1048576K
}
Event: 15.678 GC heap before
{Heap before GC invocations=17 (full 0):
 garbage-first heap   total 129024K, used 100374K [0x00000000c0000000, 0x0000000100000000)
  region size 1024K, 51 young (52224K), 6 survivors (6144K)
 Metaspace       used 100029K, capacity 104934K, committed 105084K, reserved 1136640K
  class space    used 14476K, capacity 16970K, committed 17100K, reserved 1048576K
}
Event: 15.684 GC heap after
{Heap after GC invocations=18 (full 0):
 garbage-first heap   total 129024K, used 41347K [0x00000000c0000000, 0x0000000100000000)
  region size 1024K, 4 young (4096K), 4 survivors (4096K)
 Metaspace       used 100029K, capacity 104934K, committed 105084K, reserved 1136640K
  class space    used 14476K, capacity 16970K, committed 17100K, reserved 1048576K
}

